Determining if the pthread_create exist failed with the following output:
Change Dir: /home/dario/Desktop/Progetto_labiagi/workspace/build/slam/CMakeFiles/CMakeTmp

Run Build Command:"/usr/bin/make" "cmTC_27ad1/fast"
/usr/bin/make -f CMakeFiles/cmTC_27ad1.dir/build.make CMakeFiles/cmTC_27ad1.dir/build
make[1]: Entering directory '/home/dario/Desktop/Progetto_labiagi/workspace/build/slam/CMakeFiles/CMakeTmp'
Building C object CMakeFiles/cmTC_27ad1.dir/CheckSymbolExists.c.o
/usr/bin/cc    -o CMakeFiles/cmTC_27ad1.dir/CheckSymbolExists.c.o   -c /home/dario/Desktop/Progetto_labiagi/workspace/build/slam/CMakeFiles/CMakeTmp/CheckSymbolExists.c
Linking C executable cmTC_27ad1
/usr/bin/cmake -E cmake_link_script CMakeFiles/cmTC_27ad1.dir/link.txt --verbose=1
/usr/bin/cc      -rdynamic CMakeFiles/cmTC_27ad1.dir/CheckSymbolExists.c.o  -o cmTC_27ad1 
CMakeFiles/cmTC_27ad1.dir/CheckSymbolExists.c.o: In function `main':
CheckSymbolExists.c:(.text+0x1b): undefined reference to `pthread_create'
collect2: error: ld returned 1 exit status
CMakeFiles/cmTC_27ad1.dir/build.make:97: recipe for target 'cmTC_27ad1' failed
make[1]: *** [cmTC_27ad1] Error 1
make[1]: Leaving directory '/home/dario/Desktop/Progetto_labiagi/workspace/build/slam/CMakeFiles/CMakeTmp'
Makefile:126: recipe for target 'cmTC_27ad1/fast' failed
make: *** [cmTC_27ad1/fast] Error 2

File /home/dario/Desktop/Progetto_labiagi/workspace/build/slam/CMakeFiles/CMakeTmp/CheckSymbolExists.c:
/* */
#include <pthread.h>

int main(int argc, char** argv)
{
  (void)argv;
#ifndef pthread_create
  return ((int*)(&pthread_create))[argc];
#else
  (void)argc;
  return 0;
#endif
}

Determining if the function pthread_create exists in the pthreads failed with the following output:
Change Dir: /home/dario/Desktop/Progetto_labiagi/workspace/build/slam/CMakeFiles/CMakeTmp

Run Build Command:"/usr/bin/make" "cmTC_2f0f2/fast"
/usr/bin/make -f CMakeFiles/cmTC_2f0f2.dir/build.make CMakeFiles/cmTC_2f0f2.dir/build
make[1]: Entering directory '/home/dario/Desktop/Progetto_labiagi/workspace/build/slam/CMakeFiles/CMakeTmp'
Building C object CMakeFiles/cmTC_2f0f2.dir/CheckFunctionExists.c.o
/usr/bin/cc   -DCHECK_FUNCTION_EXISTS=pthread_create   -o CMakeFiles/cmTC_2f0f2.dir/CheckFunctionExists.c.o   -c /usr/share/cmake-3.10/Modules/CheckFunctionExists.c
Linking C executable cmTC_2f0f2
/usr/bin/cmake -E cmake_link_script CMakeFiles/cmTC_2f0f2.dir/link.txt --verbose=1
/usr/bin/cc  -DCHECK_FUNCTION_EXISTS=pthread_create    -rdynamic CMakeFiles/cmTC_2f0f2.dir/CheckFunctionExists.c.o  -o cmTC_2f0f2 -lpthreads 
/usr/bin/ld: cannot find -lpthreads
collect2: error: ld returned 1 exit status
CMakeFiles/cmTC_2f0f2.dir/build.make:97: recipe for target 'cmTC_2f0f2' failed
make[1]: *** [cmTC_2f0f2] Error 1
make[1]: Leaving directory '/home/dario/Desktop/Progetto_labiagi/workspace/build/slam/CMakeFiles/CMakeTmp'
Makefile:126: recipe for target 'cmTC_2f0f2/fast' failed
make: *** [cmTC_2f0f2/fast] Error 2


